!SESSION 2014-04-05 14:20:28.245 -----------------------------------------------
eclipse.buildId=unknown
java.version=1.7.0_51
java.vendor=Oracle Corporation
BootLoader constants: OS=linux, ARCH=x86_64, WS=gtk, NL=en_US

!ENTRY org.eclipse.osgi 2 1 2014-04-05 14:20:28.249
!MESSAGE NLS missing message: MANIFEST_INVALID_HEADER_EXCEPTION in: org.eclipse.osgi.framework.internal.core.ExternalMessages

!ENTRY org.eclipse.osgi 2 1 2014-04-05 14:20:28.249
!MESSAGE NLS missing message: BUNDLE_STATE_CHANGE_EXCEPTION in: org.eclipse.osgi.framework.internal.core.ExternalMessages

!ENTRY org.eclipse.osgi 2 1 2014-04-05 14:20:28.249
!MESSAGE NLS missing message: BUNDLE_UNINSTALLED_EXCEPTION in: org.eclipse.osgi.framework.internal.core.ExternalMessages

!ENTRY org.eclipse.osgi 2 1 2014-04-05 14:20:28.250
!MESSAGE NLS missing message: BUNDLE_UNRESOLVED_EXCEPTION in: org.eclipse.osgi.framework.internal.core.ExternalMessages

!ENTRY org.eclipse.osgi 2 1 2014-04-05 14:20:28.250
!MESSAGE NLS missing message: BUNDLE_UNRESOLVED_STATE_CONFLICT in: org.eclipse.osgi.framework.internal.core.ExternalMessages

!ENTRY org.eclipse.osgi 2 1 2014-04-05 14:20:28.250
!MESSAGE NLS missing message: BUNDLE_UNRESOLVED_UNSATISFIED_CONSTRAINT_EXCEPTION in: org.eclipse.osgi.framework.internal.core.ExternalMessages

!ENTRY org.eclipse.osgi 2 1 2014-04-05 14:20:28.250
!MESSAGE NLS missing message: BUNDLE_INVALID_ACTIVATOR_EXCEPTION in: org.eclipse.osgi.framework.internal.core.ExternalMessages

!ENTRY org.eclipse.osgi 2 1 2014-04-05 14:20:28.250
!MESSAGE NLS missing message: BUNDLE_EXTENSION_PERMISSION in: org.eclipse.osgi.framework.internal.core.ExternalMessages

!ENTRY org.eclipse.osgi 2 1 2014-04-05 14:20:28.250
!MESSAGE NLS missing message: SERVICE_ARGUMENT_NULL_EXCEPTION in: org.eclipse.osgi.framework.internal.core.ExternalMessages

!ENTRY org.eclipse.osgi 2 1 2014-04-05 14:20:28.250
!MESSAGE NLS missing message: SERVICE_EMPTY_CLASS_LIST_EXCEPTION in: org.eclipse.osgi.framework.internal.core.ExternalMessages

!ENTRY org.eclipse.osgi 2 1 2014-04-05 14:20:28.250
!MESSAGE NLS missing message: SERVICE_NOT_INSTANCEOF_CLASS_EXCEPTION in: org.eclipse.osgi.framework.internal.core.ExternalMessages

!ENTRY org.eclipse.osgi 2 1 2014-04-05 14:20:28.250
!MESSAGE NLS missing message: SERVICE_FACTORY_NOT_INSTANCEOF_CLASS_EXCEPTION in: org.eclipse.osgi.framework.internal.core.ExternalMessages

!ENTRY org.eclipse.osgi 2 1 2014-04-05 14:20:28.250
!MESSAGE NLS missing message: BUNDLE_ACTIVATOR_EXCEPTION in: org.eclipse.osgi.framework.internal.core.ExternalMessages

!ENTRY org.eclipse.osgi 2 1 2014-04-05 14:20:28.250
!MESSAGE NLS missing message: BUNDLE_CONTEXT_INVALID_EXCEPTION in: org.eclipse.osgi.framework.internal.core.ExternalMessages

!ENTRY org.eclipse.osgi 2 1 2014-04-05 14:20:28.250
!MESSAGE NLS missing message: BUNDLE_READ_EXCEPTION in: org.eclipse.osgi.framework.internal.core.ExternalMessages

!ENTRY org.eclipse.osgi 2 1 2014-04-05 14:20:28.250
!MESSAGE NLS missing message: BUNDLE_FRAGMENT_CNFE in: org.eclipse.osgi.framework.internal.core.ExternalMessages

!ENTRY org.eclipse.osgi 2 1 2014-04-05 14:20:28.250
!MESSAGE NLS missing message: BUNDLE_FRAGMENT_START in: org.eclipse.osgi.framework.internal.core.ExternalMessages

!ENTRY org.eclipse.osgi 2 1 2014-04-05 14:20:28.250
!MESSAGE NLS missing message: BUNDLE_FRAGMENT_STOP in: org.eclipse.osgi.framework.internal.core.ExternalMessages

!ENTRY org.eclipse.osgi 2 1 2014-04-05 14:20:28.250
!MESSAGE NLS missing message: BUNDLE_TRANSIENT_START_ERROR in: org.eclipse.osgi.framework.internal.core.ExternalMessages

!ENTRY org.eclipse.osgi 2 1 2014-04-05 14:20:28.251
!MESSAGE NLS missing message: BUNDLE_CNFE_NOT_RESOLVED in: org.eclipse.osgi.framework.internal.core.ExternalMessages

!ENTRY org.eclipse.osgi 2 1 2014-04-05 14:20:28.251
!MESSAGE NLS missing message: BUNDLE_LOADER_ATTACHMENT_ERROR in: org.eclipse.osgi.framework.internal.core.ExternalMessages

!ENTRY org.eclipse.osgi 2 1 2014-04-05 14:20:28.251
!MESSAGE NLS missing message: BUNDLE_NO_CLASSPATH_MATCH in: org.eclipse.osgi.framework.internal.core.ExternalMessages

!ENTRY org.eclipse.osgi 2 1 2014-04-05 14:20:28.251
!MESSAGE NLS missing message: FILTER_TERMINATED_ABRUBTLY in: org.eclipse.osgi.framework.internal.core.ExternalMessages

!ENTRY org.eclipse.osgi 2 1 2014-04-05 14:20:28.251
!MESSAGE NLS missing message: FILTER_TRAILING_CHARACTERS in: org.eclipse.osgi.framework.internal.core.ExternalMessages

!ENTRY org.eclipse.osgi 2 1 2014-04-05 14:20:28.251
!MESSAGE NLS missing message: FILTER_MISSING_LEFTPAREN in: org.eclipse.osgi.framework.internal.core.ExternalMessages

!ENTRY org.eclipse.osgi 2 1 2014-04-05 14:20:28.251
!MESSAGE NLS missing message: FILTER_MISSING_RIGHTPAREN in: org.eclipse.osgi.framework.internal.core.ExternalMessages

!ENTRY org.eclipse.osgi 2 1 2014-04-05 14:20:28.251
!MESSAGE NLS missing message: FILTER_INVALID_OPERATOR in: org.eclipse.osgi.framework.internal.core.ExternalMessages

!ENTRY org.eclipse.osgi 2 1 2014-04-05 14:20:28.251
!MESSAGE NLS missing message: FILTER_MISSING_ATTR in: org.eclipse.osgi.framework.internal.core.ExternalMessages

!ENTRY org.eclipse.osgi 2 1 2014-04-05 14:20:28.251
!MESSAGE NLS missing message: FILTER_INVALID_VALUE in: org.eclipse.osgi.framework.internal.core.ExternalMessages

!ENTRY org.eclipse.osgi 2 1 2014-04-05 14:20:28.251
!MESSAGE NLS missing message: FILTER_MISSING_VALUE in: org.eclipse.osgi.framework.internal.core.ExternalMessages

!ENTRY org.eclipse.osgi 2 1 2014-04-05 14:20:28.251
!MESSAGE NLS missing message: OSGI_SYSTEMBUNDLE_CREATE_EXCEPTION in: org.eclipse.osgi.framework.internal.core.ExternalMessages

!ENTRY org.eclipse.osgi 2 1 2014-04-05 14:20:28.251
!MESSAGE NLS missing message: BUNDLE_INSTALL_RECURSION_EXCEPTION in: org.eclipse.osgi.framework.internal.core.ExternalMessages

!ENTRY org.eclipse.osgi 2 1 2014-04-05 14:20:28.251
!MESSAGE NLS missing message: BUNDLE_INSTALL_SAME_UNIQUEID in: org.eclipse.osgi.framework.internal.core.ExternalMessages

!ENTRY org.eclipse.osgi 2 1 2014-04-05 14:20:28.251
!MESSAGE NLS missing message: OSGI_INTERNAL_ERROR in: org.eclipse.osgi.framework.internal.core.ExternalMessages

!ENTRY org.eclipse.osgi 2 1 2014-04-05 14:20:28.251
!MESSAGE NLS missing message: BUNDLE_NOT_IN_FRAMEWORK in: org.eclipse.osgi.framework.internal.core.ExternalMessages

!ENTRY org.eclipse.osgi 2 1 2014-04-05 14:20:28.252
!MESSAGE NLS missing message: BUNDLE_REFRESH_FAILURE in: org.eclipse.osgi.framework.internal.core.ExternalMessages

!ENTRY org.eclipse.osgi 2 1 2014-04-05 14:20:28.252
!MESSAGE NLS missing message: OSGI_SYSTEMBUNDLE_DESCRIPTION_ERROR in: org.eclipse.osgi.framework.internal.core.ExternalMessages

!ENTRY org.eclipse.osgi 2 1 2014-04-05 14:20:28.252
!MESSAGE NLS missing message: SERVICE_ALREADY_UNREGISTERED_EXCEPTION in: org.eclipse.osgi.framework.internal.core.ExternalMessages

!ENTRY org.eclipse.osgi 2 1 2014-04-05 14:20:28.252
!MESSAGE NLS missing message: SERVICE_FACTORY_EXCEPTION in: org.eclipse.osgi.framework.internal.core.ExternalMessages

!ENTRY org.eclipse.osgi 2 1 2014-04-05 14:20:28.252
!MESSAGE NLS missing message: SERVICE_OBJECT_NULL_EXCEPTION in: org.eclipse.osgi.framework.internal.core.ExternalMessages

!ENTRY org.eclipse.osgi 2 1 2014-04-05 14:20:28.252
!MESSAGE NLS missing message: SERVICE_FACTORY_RECURSION in: org.eclipse.osgi.framework.internal.core.ExternalMessages

!ENTRY org.eclipse.osgi 2 1 2014-04-05 14:20:28.252
!MESSAGE NLS missing message: SERVICE_USE_OVERFLOW in: org.eclipse.osgi.framework.internal.core.ExternalMessages

!ENTRY org.eclipse.osgi 2 1 2014-04-05 14:20:28.252
!MESSAGE NLS missing message: STARTLEVEL_EXCEPTION_INVALID_REQUESTED_STARTLEVEL in: org.eclipse.osgi.framework.internal.core.ExternalMessages

!ENTRY org.eclipse.osgi 2 1 2014-04-05 14:20:28.252
!MESSAGE NLS missing message: STARTLEVEL_CANT_CHANGE_SYSTEMBUNDLE_STARTLEVEL in: org.eclipse.osgi.framework.internal.core.ExternalMessages

!ENTRY org.eclipse.osgi 2 1 2014-04-05 14:20:28.252
!MESSAGE NLS missing message: BUNDLE_SYSTEMBUNDLE_UNINSTALL_EXCEPTION in: org.eclipse.osgi.framework.internal.core.ExternalMessages

!ENTRY org.eclipse.osgi 2 1 2014-04-05 14:20:28.252
!MESSAGE NLS missing message: HEADER_DUPLICATE_KEY_EXCEPTION in: org.eclipse.osgi.framework.internal.core.ExternalMessages

!ENTRY org.eclipse.osgi 2 1 2014-04-05 14:20:28.252
!MESSAGE NLS missing message: MANIFEST_INVALID_SPACE in: org.eclipse.osgi.framework.internal.core.ExternalMessages

!ENTRY org.eclipse.osgi 2 1 2014-04-05 14:20:28.252
!MESSAGE NLS missing message: MANIFEST_INVALID_LINE_NOCOLON in: org.eclipse.osgi.framework.internal.core.ExternalMessages

!ENTRY org.eclipse.osgi 2 1 2014-04-05 14:20:28.252
!MESSAGE NLS missing message: MANIFEST_IOEXCEPTION in: org.eclipse.osgi.framework.internal.core.ExternalMessages

!ENTRY org.eclipse.osgi 2 1 2014-04-05 14:20:28.253
!MESSAGE NLS missing message: CANNOT_SET_CONTEXTFINDER in: org.eclipse.osgi.framework.internal.core.ExternalMessages

!ENTRY org.eclipse.osgi 2 1 2014-04-05 14:20:28.253
!MESSAGE NLS missing message: URL_HANDLER_INCORRECT_TYPE in: org.eclipse.osgi.framework.internal.core.ExternalMessages
