!SESSION 2014-03-20 18:32:10.731 -----------------------------------------------
eclipse.buildId=unknown
java.version=1.7.0_51
java.vendor=Oracle Corporation
BootLoader constants: OS=linux, ARCH=x86_64, WS=gtk, NL=en_US

!ENTRY org.apache.felix.scr 4 0 2014-03-20 18:32:10.738
!MESSAGE FrameworkEvent ERROR
!STACK 0
org.osgi.framework.BundleException: State change in progress for bundle "file:/home/jordi/liferay/cardiodiagnosis/liferay-portal-6.2.0-ce-ga1/data/osgi/portal/org.apache.felix.scr.jar" by thread "fileinstall-/home/jordi/liferay/cardiodiagnosis/liferay-portal-6.2.0-ce-ga1/data/osgi/portal".
	at org.eclipse.osgi.framework.internal.core.AbstractBundle.beginStateChange(AbstractBundle.java:1088)
	at org.eclipse.osgi.framework.internal.core.PackageAdminImpl.suspendBundle(PackageAdminImpl.java:330)
	at org.eclipse.osgi.framework.internal.core.PackageAdminImpl.processDelta(PackageAdminImpl.java:467)
	at org.eclipse.osgi.framework.internal.core.PackageAdminImpl.doResolveBundles(PackageAdminImpl.java:251)
	at org.eclipse.osgi.framework.internal.core.PackageAdminImpl$1.run(PackageAdminImpl.java:174)
	at java.lang.Thread.run(Thread.java:744)
Caused by: org.eclipse.osgi.framework.internal.core.AbstractBundle$BundleStatusException
	... 6 more
Root exception:
org.eclipse.osgi.framework.internal.core.AbstractBundle$BundleStatusException
	at org.eclipse.osgi.framework.internal.core.AbstractBundle.beginStateChange(AbstractBundle.java:1088)
	at org.eclipse.osgi.framework.internal.core.PackageAdminImpl.suspendBundle(PackageAdminImpl.java:330)
	at org.eclipse.osgi.framework.internal.core.PackageAdminImpl.processDelta(PackageAdminImpl.java:467)
	at org.eclipse.osgi.framework.internal.core.PackageAdminImpl.doResolveBundles(PackageAdminImpl.java:251)
	at org.eclipse.osgi.framework.internal.core.PackageAdminImpl$1.run(PackageAdminImpl.java:174)
	at java.lang.Thread.run(Thread.java:744)

!ENTRY org.apache.felix.scr 4 0 2014-03-20 18:32:15.794
!MESSAGE FrameworkEvent ERROR
!STACK 0
org.osgi.framework.BundleException: State change in progress for bundle "file:/home/jordi/liferay/cardiodiagnosis/liferay-portal-6.2.0-ce-ga1/data/osgi/portal/org.apache.felix.scr.jar" by thread "fileinstall-/home/jordi/liferay/cardiodiagnosis/liferay-portal-6.2.0-ce-ga1/data/osgi/portal".
	at org.eclipse.osgi.framework.internal.core.AbstractBundle.beginStateChange(AbstractBundle.java:1088)
	at org.eclipse.osgi.framework.internal.core.AbstractBundle.resume(AbstractBundle.java:387)
	at org.eclipse.osgi.framework.internal.core.Framework.resumeBundle(Framework.java:1177)
	at org.eclipse.osgi.framework.internal.core.PackageAdminImpl.resumeBundles(PackageAdminImpl.java:317)
	at org.eclipse.osgi.framework.internal.core.PackageAdminImpl.processDelta(PackageAdminImpl.java:556)
	at org.eclipse.osgi.framework.internal.core.PackageAdminImpl.doResolveBundles(PackageAdminImpl.java:251)
	at org.eclipse.osgi.framework.internal.core.PackageAdminImpl$1.run(PackageAdminImpl.java:174)
	at java.lang.Thread.run(Thread.java:744)
Caused by: org.eclipse.osgi.framework.internal.core.AbstractBundle$BundleStatusException
	... 8 more
Root exception:
org.eclipse.osgi.framework.internal.core.AbstractBundle$BundleStatusException
	at org.eclipse.osgi.framework.internal.core.AbstractBundle.beginStateChange(AbstractBundle.java:1088)
	at org.eclipse.osgi.framework.internal.core.AbstractBundle.resume(AbstractBundle.java:387)
	at org.eclipse.osgi.framework.internal.core.Framework.resumeBundle(Framework.java:1177)
	at org.eclipse.osgi.framework.internal.core.PackageAdminImpl.resumeBundles(PackageAdminImpl.java:317)
	at org.eclipse.osgi.framework.internal.core.PackageAdminImpl.processDelta(PackageAdminImpl.java:556)
	at org.eclipse.osgi.framework.internal.core.PackageAdminImpl.doResolveBundles(PackageAdminImpl.java:251)
	at org.eclipse.osgi.framework.internal.core.PackageAdminImpl$1.run(PackageAdminImpl.java:174)
	at java.lang.Thread.run(Thread.java:744)
